2021-11-23 09:48:31 [main] INFO  com.example.lab1.Lab1Application - Starting Lab1Application using Java 11.0.10 on DESKTOP-4KEMAP4 with PID 9532 (D:\GitHub\Spring\Lab1\target\classes started by Skvortsoff in D:\GitHub\Spring\Lab1)
2021-11-23 09:48:31 [main] INFO  com.example.lab1.Lab1Application - No active profile set, falling back to default profiles: default
2021-11-23 09:48:33 [main] INFO  o.s.b.w.e.tomcat.TomcatWebServer - Tomcat initialized with port(s): 8080 (http)
2021-11-23 09:48:33 [main] INFO  o.a.catalina.core.StandardService - Starting service [Tomcat]
2021-11-23 09:48:33 [main] INFO  o.a.catalina.core.StandardEngine - Starting Servlet engine: [Apache Tomcat/9.0.52]
2021-11-23 09:48:33 [main] INFO  o.a.c.c.C.[Tomcat].[localhost].[/] - Initializing Spring embedded WebApplicationContext
2021-11-23 09:48:33 [main] INFO  o.s.b.w.s.c.ServletWebServerApplicationContext - Root WebApplicationContext: initialization completed in 2146 ms
2021-11-23 09:48:34 [main] INFO  o.s.b.a.w.s.WelcomePageHandlerMapping - Adding welcome page template: index
2021-11-23 09:48:35 [main] INFO  o.s.b.a.e.web.EndpointLinksResolver - Exposing 1 endpoint(s) beneath base path '/actuator'
2021-11-23 09:48:35 [main] INFO  o.s.b.w.e.tomcat.TomcatWebServer - Tomcat started on port(s): 8080 (http) with context path ''
2021-11-23 09:48:35 [main] INFO  com.example.lab1.Lab1Application - Started Lab1Application in 4.931 seconds (JVM running for 8.343)
2021-11-23 09:48:35 [RMI TCP Connection(1)-192.168.56.1] INFO  o.a.c.c.C.[Tomcat].[localhost].[/] - Initializing Spring DispatcherServlet 'dispatcherServlet'
2021-11-23 10:03:44 [http-nio-8080-exec-2] INFO  c.e.lab1.controller.ControllerTask - Get all task;
2021-11-23 10:03:50 [http-nio-8080-exec-4] INFO  c.e.lab1.controller.ControllerTask - Deleted task id: 0
2021-11-23 10:03:51 [http-nio-8080-exec-5] INFO  c.e.lab1.controller.ControllerTask - Get all task;
2021-11-23 10:03:53 [http-nio-8080-exec-6] INFO  c.e.lab1.controller.ControllerTask - Get all task;
2021-11-23 10:05:01 [main] INFO  com.example.lab1.Lab1Application - Starting Lab1Application using Java 11.0.10 on DESKTOP-4KEMAP4 with PID 10408 (D:\GitHub\Spring\Lab1\target\classes started by Skvortsoff in D:\GitHub\Spring\Lab1)
2021-11-23 10:05:01 [main] INFO  com.example.lab1.Lab1Application - No active profile set, falling back to default profiles: default
2021-11-23 10:05:03 [main] INFO  o.s.b.w.e.tomcat.TomcatWebServer - Tomcat initialized with port(s): 8080 (http)
2021-11-23 10:05:03 [main] INFO  o.a.catalina.core.StandardService - Starting service [Tomcat]
2021-11-23 10:05:03 [main] INFO  o.a.catalina.core.StandardEngine - Starting Servlet engine: [Apache Tomcat/9.0.52]
2021-11-23 10:05:03 [main] INFO  o.a.c.c.C.[Tomcat].[localhost].[/] - Initializing Spring embedded WebApplicationContext
2021-11-23 10:05:03 [main] INFO  o.s.b.w.s.c.ServletWebServerApplicationContext - Root WebApplicationContext: initialization completed in 1506 ms
2021-11-23 10:05:03 [main] INFO  o.s.b.a.w.s.WelcomePageHandlerMapping - Adding welcome page template: index
2021-11-23 10:05:03 [main] INFO  o.s.b.a.e.web.EndpointLinksResolver - Exposing 1 endpoint(s) beneath base path '/actuator'
2021-11-23 10:05:03 [main] INFO  o.s.b.w.e.tomcat.TomcatWebServer - Tomcat started on port(s): 8080 (http) with context path ''
2021-11-23 10:05:03 [main] INFO  com.example.lab1.Lab1Application - Started Lab1Application in 2.993 seconds (JVM running for 5.285)
2021-11-23 10:05:05 [RMI TCP Connection(3)-192.168.56.1] INFO  o.a.c.c.C.[Tomcat].[localhost].[/] - Initializing Spring DispatcherServlet 'dispatcherServlet'
2021-11-23 10:05:35 [http-nio-8080-exec-1] INFO  c.e.lab1.controller.ControllerTask - Get all task;
2021-11-23 10:06:49 [main] INFO  com.example.lab1.Lab1Application - Starting Lab1Application using Java 11.0.10 on DESKTOP-4KEMAP4 with PID 11756 (D:\GitHub\Spring\Lab1\target\classes started by Skvortsoff in D:\GitHub\Spring\Lab1)
2021-11-23 10:06:49 [main] INFO  com.example.lab1.Lab1Application - No active profile set, falling back to default profiles: default
2021-11-23 10:06:50 [main] INFO  o.s.b.w.e.tomcat.TomcatWebServer - Tomcat initialized with port(s): 8080 (http)
2021-11-23 10:06:50 [main] INFO  o.a.catalina.core.StandardService - Starting service [Tomcat]
2021-11-23 10:06:50 [main] INFO  o.a.catalina.core.StandardEngine - Starting Servlet engine: [Apache Tomcat/9.0.52]
2021-11-23 10:06:50 [main] INFO  o.a.c.c.C.[Tomcat].[localhost].[/] - Initializing Spring embedded WebApplicationContext
2021-11-23 10:06:50 [main] INFO  o.s.b.w.s.c.ServletWebServerApplicationContext - Root WebApplicationContext: initialization completed in 1396 ms
2021-11-23 10:06:51 [main] INFO  o.s.b.a.w.s.WelcomePageHandlerMapping - Adding welcome page template: index
2021-11-23 10:06:51 [main] INFO  o.s.b.a.e.web.EndpointLinksResolver - Exposing 1 endpoint(s) beneath base path '/actuator'
2021-11-23 10:06:51 [main] INFO  o.s.b.w.e.tomcat.TomcatWebServer - Tomcat started on port(s): 8080 (http) with context path ''
2021-11-23 10:06:51 [main] INFO  com.example.lab1.Lab1Application - Started Lab1Application in 3.194 seconds (JVM running for 5.228)
2021-11-23 10:06:53 [RMI TCP Connection(2)-192.168.56.1] INFO  o.a.c.c.C.[Tomcat].[localhost].[/] - Initializing Spring DispatcherServlet 'dispatcherServlet'
2021-11-23 10:08:29 [http-nio-8080-exec-1] INFO  c.e.lab1.controller.ControllerTask - Get all task;
2021-11-23 10:18:24 [http-nio-8080-exec-4] INFO  c.e.lab1.controller.ControllerTask - Get all task;
2021-11-23 10:18:28 [http-nio-8080-exec-6] INFO  c.e.lab1.controller.ControllerTask - Get new task page;
2021-11-23 10:18:34 [http-nio-8080-exec-7] INFO  c.e.lab1.controller.ControllerTask - Add new task;
2021-11-23 10:18:49 [http-nio-8080-exec-2] INFO  c.e.lab1.controller.ControllerTask - Deleted task id: 0
2021-11-23 10:18:51 [http-nio-8080-exec-3] INFO  c.e.lab1.controller.ControllerTask - Get all task;
